2024-12-20 10:17:16 [http-nio-8081-exec-5] INFO  org.reflections.Reflections - Reflections took 27 ms to scan 1 urls, producing 6 keys and 20 values
2024-12-20 10:17:16 [ForkJoinPool.commonPool-worker-1] INFO  com.samsa.controller.FlowController - Flow 실행 시작
2024-12-20 10:17:16 [Thread-7] INFO  com.samsa.core.port.InPort - 메세지 생김
2024-12-20 10:17:16 [Thread-6] INFO  com.samsa.core.node.InOutNode - 노드 실행 시작. NodeId: aefa47b7-772d-4be7-b79c-a183d21a53da
2024-12-20 10:17:16 [Thread-5] INFO  com.samsa.core.node.InOutNode - 노드 실행 시작. NodeId: 81ab0e38-b352-4e7a-8c22-76b519915dac
2024-12-20 10:17:16 [Thread-6] INFO  com.samsa.core.port.InPort - 메세지 생김
2024-12-20 10:17:16 [Thread-5] INFO  com.samsa.core.port.InPort - 메세지 생김
2024-12-20 10:17:17 [Thread-4] INFO  com.samsa.node.out.MqttInNode - 토픽 'data/#'을 구독했습니다.
2024-12-20 10:17:17 [MQTT Call: dfahjklasdjf] INFO  com.samsa.node.out.MqttInNode - 토픽 'data/s/nhnacademy/b/gyeongnam_campus/p/class_a/d/24e124128c067999/sp/입구/n/입구/e/humidity'에서 메시지 수신: {"time":1734657437038,"value":23.5}
2024-12-20 10:17:17 [MQTT Call: dfahjklasdjf] INFO  com.samsa.node.out.MqttInNode - 토픽 'data/s/nhnacademy/b/gyeongnam_campus/p/class_a/d/24e124128c067999/sp/입구/n/입구/e/infrared_and_visible'에서 메시지 수신: {"time":1734657437038,"value":16}
2024-12-20 10:17:17 [MQTT Call: dfahjklasdjf] INFO  com.samsa.node.out.MqttInNode - 토픽 'data/s/nhnacademy/b/gyeongnam_campus/p/class_a/d/24e124128c067999/sp/입구/n/입구/e/activity'에서 메시지 수신: {"time":1734657437038,"value":0}
2024-12-20 10:17:17 [MQTT Call: dfahjklasdjf] INFO  com.samsa.node.out.MqttInNode - 토픽 'data/s/nhnacademy/b/gyeongnam_campus/p/class_a/d/24e124128c067999/sp/입구/n/입구/e/co2'에서 메시지 수신: {"time":1734657437038,"value":1215}
2024-12-20 10:17:17 [MQTT Call: dfahjklasdjf] INFO  com.samsa.node.out.MqttInNode - 토픽 'data/s/nhnacademy/b/gyeongnam_campus/p/class_a/d/24e124128c067999/sp/입구/n/입구/e/pressure'에서 메시지 수신: {"time":1734657437038,"value":1015.1}
2024-12-20 10:17:17 [MQTT Call: dfahjklasdjf] INFO  com.samsa.node.out.MqttInNode - 토픽 'data/s/nhnacademy/b/gyeongnam_campus/p/class_a/d/24e124128c067999/sp/입구/n/입구/e/illumination'에서 메시지 수신: {"time":1734657437038,"value":21}
2024-12-20 10:17:17 [MQTT Call: dfahjklasdjf] INFO  com.samsa.node.out.MqttInNode - 토픽 'data/s/nhnacademy/b/gyeongnam_campus/p/class_a/d/24e124128c067999/sp/입구/n/입구/e/tvoc'에서 메시지 수신: {"time":1734657437038,"value":239}
2024-12-20 10:17:17 [MQTT Call: dfahjklasdjf] INFO  com.samsa.node.out.MqttInNode - 토픽 'data/s/nhnacademy/b/gyeongnam_campus/p/class_a/d/24e124128c067999/sp/입구/n/입구/e/temperature'에서 메시지 수신: {"time":1734657437038,"value":20.8}
2024-12-20 10:17:17 [MQTT Call: dfahjklasdjf] INFO  com.samsa.node.out.MqttInNode - 토픽 'data/s/nhnacademy/b/gyeongnam_campus/p/class_a/d/24e124128c067999/sp/입구/n/입구/e/infrared'에서 메시지 수신: {"time":1734657437038,"value":3}
2024-12-20 10:17:17 [MQTT Call: dfahjklasdjf] INFO  com.samsa.node.out.MqttInNode - 토픽 'data/s/nhnacademy/b/gyeongnam_campus/p/class_a/d/24e124128c067999/sp/입구/n/입구/g/24e124fffef5dccc/e/lora'에서 메시지 수신: {"time":1734657437038,"value":{"dr":2,"rssi":-73,"snr":13.2,"channel":4,"frequency":922900000,"sf":10}}
2024-12-20 10:17:17 [MQTT Call: dfahjklasdjf] INFO  com.samsa.node.out.MqttInNode - 토픽 'data/s/nhnacademy/b/gyeongnam_campus/p/class_a/d/24e124128c067999/sp/입구/n/입구/g/24e124fffef79304/e/lora'에서 메시지 수신: {"time":1734657437038,"value":{"dr":2,"rssi":-53,"snr":13.5,"channel":4,"frequency":922900000,"sf":10}}
2024-12-20 10:17:18 [Thread-5] INFO  com.samsa.core.node.InOutNode - 노드 실행 완료. NodeId: 81ab0e38-b352-4e7a-8c22-76b519915dac
2024-12-20 10:17:18 [Thread-6] INFO  com.samsa.node.inout.FunctionNode - 메시지 ID: 079d20aa-85ef-4ac5-8cf9-ed0483d45d42 - 처리 시작
2024-12-20 10:17:18 [Thread-5] INFO  com.samsa.core.node.InOutNode - 노드 실행 시작. NodeId: 81ab0e38-b352-4e7a-8c22-76b519915dac
2024-12-20 10:17:18 [Thread-5] INFO  com.samsa.core.port.InPort - 메세지 생김
2024-12-20 10:17:18 [Thread-6] INFO  com.samsa.node.inout.FunctionNode - 기본 메시지 핸들러: {topic: data/s/nhnacademy/b/gyeongnam_campus/p/class_a/d/24e124128c067999/sp/입구/n/입구/e/humidity, {"time":1734657437038,"value":23.5}}
2024-12-20 10:17:18 [Thread-6] INFO  com.samsa.node.inout.FunctionNode - 메시지 ID: 079d20aa-85ef-4ac5-8cf9-ed0483d45d42 - 처리 완료
2024-12-20 10:17:18 [Thread-6] INFO  com.samsa.core.node.InOutNode - 노드 실행 완료. NodeId: aefa47b7-772d-4be7-b79c-a183d21a53da
2024-12-20 10:17:18 [Thread-6] INFO  com.samsa.core.node.InOutNode - 노드 실행 시작. NodeId: aefa47b7-772d-4be7-b79c-a183d21a53da
2024-12-20 10:17:18 [Thread-7] INFO  com.samsa.node.in.DebugNode - Node[00abe26c-eae5-49c3-8cc2-82982088e481] - Payload: {topic: data/s/nhnacademy/b/gyeongnam_campus/p/class_a/d/24e124128c067999/sp/입구/n/입구/e/humidity, {"time":1734657437038,"value":23.5}}
2024-12-20 10:17:18 [Thread-6] INFO  com.samsa.core.port.InPort - 메세지 생김
2024-12-20 10:17:18 [Thread-7] INFO  com.samsa.core.port.InPort - 메세지 생김
2024-12-20 10:17:19 [Thread-6] INFO  com.samsa.node.inout.FunctionNode - 메시지 ID: 84b1d2a4-1126-4395-95f1-cd84f94fccd2 - 처리 시작
2024-12-20 10:17:19 [Thread-5] INFO  com.samsa.core.node.InOutNode - 노드 실행 완료. NodeId: 81ab0e38-b352-4e7a-8c22-76b519915dac
2024-12-20 10:17:19 [Thread-6] INFO  com.samsa.node.inout.FunctionNode - 기본 메시지 핸들러: {topic: data/s/nhnacademy/b/gyeongnam_campus/p/class_a/d/24e124128c067999/sp/입구/n/입구/e/infrared_and_visible, {"time":1734657437038,"value":16}}
2024-12-20 10:17:19 [Thread-5] INFO  com.samsa.core.node.InOutNode - 노드 실행 시작. NodeId: 81ab0e38-b352-4e7a-8c22-76b519915dac
2024-12-20 10:17:19 [Thread-6] INFO  com.samsa.node.inout.FunctionNode - 메시지 ID: 84b1d2a4-1126-4395-95f1-cd84f94fccd2 - 처리 완료
2024-12-20 10:17:19 [Thread-5] INFO  com.samsa.core.port.InPort - 메세지 생김
2024-12-20 10:17:19 [Thread-6] INFO  com.samsa.core.node.InOutNode - 노드 실행 완료. NodeId: aefa47b7-772d-4be7-b79c-a183d21a53da
2024-12-20 10:17:19 [Thread-7] INFO  com.samsa.node.in.DebugNode - Node[00abe26c-eae5-49c3-8cc2-82982088e481] - Payload: {topic: data/s/nhnacademy/b/gyeongnam_campus/p/class_a/d/24e124128c067999/sp/입구/n/입구/e/infrared_and_visible, {"time":1734657437038,"value":16}}
2024-12-20 10:17:19 [Thread-7] INFO  com.samsa.core.port.InPort - 메세지 생김
2024-12-20 10:17:19 [Thread-6] INFO  com.samsa.core.node.InOutNode - 노드 실행 시작. NodeId: aefa47b7-772d-4be7-b79c-a183d21a53da
2024-12-20 10:17:19 [Thread-6] INFO  com.samsa.core.port.InPort - 메세지 생김
2024-12-20 10:17:20 [Thread-6] INFO  com.samsa.node.inout.FunctionNode - 메시지 ID: 1161e790-0440-4811-9ad3-134f9036a95c - 처리 시작
2024-12-20 10:17:20 [Thread-5] INFO  com.samsa.core.node.InOutNode - 노드 실행 완료. NodeId: 81ab0e38-b352-4e7a-8c22-76b519915dac
2024-12-20 10:17:20 [Thread-6] INFO  com.samsa.node.inout.FunctionNode - 기본 메시지 핸들러: {topic: data/s/nhnacademy/b/gyeongnam_campus/p/class_a/d/24e124128c067999/sp/입구/n/입구/e/activity, {"time":1734657437038,"value":0}}
2024-12-20 10:17:20 [Thread-5] INFO  com.samsa.core.node.InOutNode - 노드 실행 시작. NodeId: 81ab0e38-b352-4e7a-8c22-76b519915dac
2024-12-20 10:17:20 [Thread-5] INFO  com.samsa.core.port.InPort - 메세지 생김
2024-12-20 10:17:20 [Thread-6] INFO  com.samsa.node.inout.FunctionNode - 메시지 ID: 1161e790-0440-4811-9ad3-134f9036a95c - 처리 완료
2024-12-20 10:17:20 [Thread-6] INFO  com.samsa.core.node.InOutNode - 노드 실행 완료. NodeId: aefa47b7-772d-4be7-b79c-a183d21a53da
2024-12-20 10:17:20 [Thread-7] INFO  com.samsa.node.in.DebugNode - Node[00abe26c-eae5-49c3-8cc2-82982088e481] - Payload: {topic: data/s/nhnacademy/b/gyeongnam_campus/p/class_a/d/24e124128c067999/sp/입구/n/입구/e/activity, {"time":1734657437038,"value":0}}
2024-12-20 10:17:20 [Thread-6] INFO  com.samsa.core.node.InOutNode - 노드 실행 시작. NodeId: aefa47b7-772d-4be7-b79c-a183d21a53da
2024-12-20 10:17:20 [Thread-7] INFO  com.samsa.core.port.InPort - 메세지 생김
2024-12-20 10:17:20 [Thread-6] INFO  com.samsa.core.port.InPort - 메세지 생김
2024-12-20 10:17:21 [Thread-5] INFO  com.samsa.core.node.InOutNode - 노드 실행 완료. NodeId: 81ab0e38-b352-4e7a-8c22-76b519915dac
2024-12-20 10:17:21 [Thread-6] INFO  com.samsa.node.inout.FunctionNode - 메시지 ID: 6e8c000e-c82c-4b4b-ad8b-01e0678b2c02 - 처리 시작
2024-12-20 10:17:21 [Thread-5] INFO  com.samsa.core.node.InOutNode - 노드 실행 시작. NodeId: 81ab0e38-b352-4e7a-8c22-76b519915dac
2024-12-20 10:17:21 [Thread-6] INFO  com.samsa.node.inout.FunctionNode - 기본 메시지 핸들러: {topic: data/s/nhnacademy/b/gyeongnam_campus/p/class_a/d/24e124128c067999/sp/입구/n/입구/e/co2, {"time":1734657437038,"value":1215}}
2024-12-20 10:17:21 [Thread-5] INFO  com.samsa.core.port.InPort - 메세지 생김
2024-12-20 10:17:21 [Thread-6] INFO  com.samsa.node.inout.FunctionNode - 메시지 ID: 6e8c000e-c82c-4b4b-ad8b-01e0678b2c02 - 처리 완료
2024-12-20 10:17:21 [Thread-6] INFO  com.samsa.core.node.InOutNode - 노드 실행 완료. NodeId: aefa47b7-772d-4be7-b79c-a183d21a53da
2024-12-20 10:17:21 [Thread-7] INFO  com.samsa.node.in.DebugNode - Node[00abe26c-eae5-49c3-8cc2-82982088e481] - Payload: {topic: data/s/nhnacademy/b/gyeongnam_campus/p/class_a/d/24e124128c067999/sp/입구/n/입구/e/co2, {"time":1734657437038,"value":1215}}
2024-12-20 10:17:21 [Thread-6] INFO  com.samsa.core.node.InOutNode - 노드 실행 시작. NodeId: aefa47b7-772d-4be7-b79c-a183d21a53da
2024-12-20 10:17:21 [Thread-7] INFO  com.samsa.core.port.InPort - 메세지 생김
2024-12-20 10:17:21 [Thread-6] INFO  com.samsa.core.port.InPort - 메세지 생김
2024-12-20 10:17:22 [Thread-5] INFO  com.samsa.core.node.InOutNode - 노드 실행 완료. NodeId: 81ab0e38-b352-4e7a-8c22-76b519915dac
2024-12-20 10:17:22 [Thread-6] INFO  com.samsa.node.inout.FunctionNode - 메시지 ID: f0550feb-fdf2-4ab4-9cc0-c4dd2c684b7e - 처리 시작
2024-12-20 10:17:22 [Thread-5] INFO  com.samsa.core.node.InOutNode - 노드 실행 시작. NodeId: 81ab0e38-b352-4e7a-8c22-76b519915dac
2024-12-20 10:17:22 [Thread-6] INFO  com.samsa.node.inout.FunctionNode - 기본 메시지 핸들러: {topic: data/s/nhnacademy/b/gyeongnam_campus/p/class_a/d/24e124128c067999/sp/입구/n/입구/e/pressure, {"time":1734657437038,"value":1015.1}}
2024-12-20 10:17:22 [Thread-5] INFO  com.samsa.core.port.InPort - 메세지 생김
2024-12-20 10:17:22 [Thread-6] INFO  com.samsa.node.inout.FunctionNode - 메시지 ID: f0550feb-fdf2-4ab4-9cc0-c4dd2c684b7e - 처리 완료
2024-12-20 10:17:22 [Thread-6] INFO  com.samsa.core.node.InOutNode - 노드 실행 완료. NodeId: aefa47b7-772d-4be7-b79c-a183d21a53da
2024-12-20 10:17:22 [Thread-6] INFO  com.samsa.core.node.InOutNode - 노드 실행 시작. NodeId: aefa47b7-772d-4be7-b79c-a183d21a53da
2024-12-20 10:17:22 [Thread-7] INFO  com.samsa.node.in.DebugNode - Node[00abe26c-eae5-49c3-8cc2-82982088e481] - Payload: {topic: data/s/nhnacademy/b/gyeongnam_campus/p/class_a/d/24e124128c067999/sp/입구/n/입구/e/pressure, {"time":1734657437038,"value":1015.1}}
2024-12-20 10:17:22 [Thread-6] INFO  com.samsa.core.port.InPort - 메세지 생김
2024-12-20 10:17:22 [Thread-7] INFO  com.samsa.core.port.InPort - 메세지 생김
2024-12-20 10:17:23 [Thread-6] INFO  com.samsa.node.inout.FunctionNode - 메시지 ID: 8dc1dca0-44d5-4f08-957c-f67257df7c7a - 처리 시작
2024-12-20 10:17:23 [Thread-5] INFO  com.samsa.core.node.InOutNode - 노드 실행 완료. NodeId: 81ab0e38-b352-4e7a-8c22-76b519915dac
2024-12-20 10:17:23 [Thread-6] INFO  com.samsa.node.inout.FunctionNode - 기본 메시지 핸들러: {topic: data/s/nhnacademy/b/gyeongnam_campus/p/class_a/d/24e124128c067999/sp/입구/n/입구/e/illumination, {"time":1734657437038,"value":21}}
2024-12-20 10:17:23 [Thread-5] INFO  com.samsa.core.node.InOutNode - 노드 실행 시작. NodeId: 81ab0e38-b352-4e7a-8c22-76b519915dac
2024-12-20 10:17:23 [Thread-6] INFO  com.samsa.node.inout.FunctionNode - 메시지 ID: 8dc1dca0-44d5-4f08-957c-f67257df7c7a - 처리 완료
2024-12-20 10:17:23 [Thread-5] INFO  com.samsa.core.port.InPort - 메세지 생김
2024-12-20 10:17:23 [Thread-6] INFO  com.samsa.core.node.InOutNode - 노드 실행 완료. NodeId: aefa47b7-772d-4be7-b79c-a183d21a53da
2024-12-20 10:17:23 [Thread-7] INFO  com.samsa.node.in.DebugNode - Node[00abe26c-eae5-49c3-8cc2-82982088e481] - Payload: {topic: data/s/nhnacademy/b/gyeongnam_campus/p/class_a/d/24e124128c067999/sp/입구/n/입구/e/illumination, {"time":1734657437038,"value":21}}
2024-12-20 10:17:23 [Thread-6] INFO  com.samsa.core.node.InOutNode - 노드 실행 시작. NodeId: aefa47b7-772d-4be7-b79c-a183d21a53da
2024-12-20 10:17:23 [Thread-7] INFO  com.samsa.core.port.InPort - 메세지 생김
2024-12-20 10:17:23 [Thread-6] INFO  com.samsa.core.port.InPort - 메세지 생김
2024-12-20 10:17:23 [MQTT Call: dfahjklasdjf] INFO  com.samsa.node.out.MqttInNode - 토픽 'data/s/nhnacademy/b/gyeongnam_campus/p/server_room/d/24e124136d151368/n/입구/e/temperature'에서 메시지 수신: {"time":1734657443232,"value":24.2}
2024-12-20 10:17:23 [MQTT Call: dfahjklasdjf] INFO  com.samsa.node.out.MqttInNode - 토픽 'data/s/nhnacademy/b/gyeongnam_campus/p/server_room/d/24e124136d151368/n/입구/e/humidity'에서 메시지 수신: {"time":1734657443232,"value":15}
2024-12-20 10:17:23 [MQTT Call: dfahjklasdjf] INFO  com.samsa.node.out.MqttInNode - 토픽 'data/s/nhnacademy/b/gyeongnam_campus/p/server_room/d/24e124136d151368/n/입구/g/24e124fffef79304/e/lora'에서 메시지 수신: {"time":1734657443232,"value":{"dr":0,"rssi":-60,"snr":9.2,"channel":6,"frequency":923300000,"sf":12}}
2024-12-20 10:17:23 [MQTT Call: dfahjklasdjf] INFO  com.samsa.node.out.MqttInNode - 토픽 'data/s/nhnacademy/b/gyeongnam_campus/p/server_room/d/24e124136d151368/n/입구/g/24e124fffef5dccc/e/lora'에서 메시지 수신: {"time":1734657443232,"value":{"dr":0,"rssi":-46,"snr":10.5,"channel":6,"frequency":923300000,"sf":12}}
2024-12-20 10:17:24 [Thread-5] INFO  com.samsa.core.node.InOutNode - 노드 실행 완료. NodeId: 81ab0e38-b352-4e7a-8c22-76b519915dac
2024-12-20 10:17:24 [Thread-6] INFO  com.samsa.node.inout.FunctionNode - 메시지 ID: d99a40e5-1870-4735-8c92-876ae40f53b8 - 처리 시작
2024-12-20 10:17:24 [Thread-5] INFO  com.samsa.core.node.InOutNode - 노드 실행 시작. NodeId: 81ab0e38-b352-4e7a-8c22-76b519915dac
2024-12-20 10:17:24 [Thread-5] INFO  com.samsa.core.port.InPort - 메세지 생김
2024-12-20 10:17:24 [Thread-6] INFO  com.samsa.node.inout.FunctionNode - 기본 메시지 핸들러: {topic: data/s/nhnacademy/b/gyeongnam_campus/p/class_a/d/24e124128c067999/sp/입구/n/입구/e/tvoc, {"time":1734657437038,"value":239}}
2024-12-20 10:17:24 [Thread-6] INFO  com.samsa.node.inout.FunctionNode - 메시지 ID: d99a40e5-1870-4735-8c92-876ae40f53b8 - 처리 완료
2024-12-20 10:17:24 [Thread-6] INFO  com.samsa.core.node.InOutNode - 노드 실행 완료. NodeId: aefa47b7-772d-4be7-b79c-a183d21a53da
2024-12-20 10:17:24 [Thread-7] INFO  com.samsa.node.in.DebugNode - Node[00abe26c-eae5-49c3-8cc2-82982088e481] - Payload: {topic: data/s/nhnacademy/b/gyeongnam_campus/p/class_a/d/24e124128c067999/sp/입구/n/입구/e/tvoc, {"time":1734657437038,"value":239}}
2024-12-20 10:17:24 [Thread-6] INFO  com.samsa.core.node.InOutNode - 노드 실행 시작. NodeId: aefa47b7-772d-4be7-b79c-a183d21a53da
2024-12-20 10:17:24 [Thread-7] INFO  com.samsa.core.port.InPort - 메세지 생김
2024-12-20 10:17:24 [Thread-6] INFO  com.samsa.core.port.InPort - 메세지 생김
2024-12-20 10:17:24 [MQTT Call: dfahjklasdjf] INFO  com.samsa.node.out.MqttInNode - 토픽 'data/s/nhnacademy/b/gyeongnam_campus/p/hive/d/24e124126c452091/sp/farm/n/스마트팜/e/temperature'에서 메시지 수신: {"time":1734657444173,"value":19.3}
2024-12-20 10:17:24 [MQTT Call: dfahjklasdjf] INFO  com.samsa.node.out.MqttInNode - 토픽 'data/s/nhnacademy/b/gyeongnam_campus/p/hive/d/24e124126c452091/sp/farm/n/스마트팜/g/24e124fffef79304/e/lora'에서 메시지 수신: {"time":1734657444173,"value":{"dr":2,"rssi":-77,"snr":9.8,"frequency":922100000,"sf":10}}
2024-12-20 10:17:24 [MQTT Call: dfahjklasdjf] INFO  com.samsa.node.out.MqttInNode - 토픽 'data/s/nhnacademy/b/gyeongnam_campus/p/hive/d/24e124126c452091/sp/farm/n/스마트팜/g/24e124fffef5dccc/e/lora'에서 메시지 수신: {"time":1734657444173,"value":{"dr":2,"rssi":-51,"snr":11.8,"frequency":922100000,"sf":10}}
2024-12-20 10:17:25 [Thread-5] INFO  com.samsa.core.node.InOutNode - 노드 실행 완료. NodeId: 81ab0e38-b352-4e7a-8c22-76b519915dac
2024-12-20 10:17:25 [Thread-6] INFO  com.samsa.node.inout.FunctionNode - 메시지 ID: 08ea820b-ff64-4a4b-8f87-5216651f1e53 - 처리 시작
2024-12-20 10:17:25 [Thread-6] INFO  com.samsa.node.inout.FunctionNode - 기본 메시지 핸들러: {topic: data/s/nhnacademy/b/gyeongnam_campus/p/class_a/d/24e124128c067999/sp/입구/n/입구/e/temperature, {"time":1734657437038,"value":20.8}}
2024-12-20 10:17:25 [Thread-5] INFO  com.samsa.core.node.InOutNode - 노드 실행 시작. NodeId: 81ab0e38-b352-4e7a-8c22-76b519915dac
2024-12-20 10:17:25 [Thread-6] INFO  com.samsa.node.inout.FunctionNode - 메시지 ID: 08ea820b-ff64-4a4b-8f87-5216651f1e53 - 처리 완료
2024-12-20 10:17:25 [Thread-5] INFO  com.samsa.core.port.InPort - 메세지 생김
2024-12-20 10:17:25 [Thread-6] INFO  com.samsa.core.node.InOutNode - 노드 실행 완료. NodeId: aefa47b7-772d-4be7-b79c-a183d21a53da
2024-12-20 10:17:25 [Thread-6] INFO  com.samsa.core.node.InOutNode - 노드 실행 시작. NodeId: aefa47b7-772d-4be7-b79c-a183d21a53da
2024-12-20 10:17:25 [Thread-6] INFO  com.samsa.core.port.InPort - 메세지 생김
2024-12-20 10:17:25 [Thread-7] INFO  com.samsa.node.in.DebugNode - Node[00abe26c-eae5-49c3-8cc2-82982088e481] - Payload: {topic: data/s/nhnacademy/b/gyeongnam_campus/p/class_a/d/24e124128c067999/sp/입구/n/입구/e/temperature, {"time":1734657437038,"value":20.8}}
2024-12-20 10:17:25 [Thread-7] INFO  com.samsa.core.port.InPort - 메세지 생김
2024-12-20 10:17:25 [MQTT Call: dfahjklasdjf] INFO  com.samsa.node.out.MqttInNode - 토픽 'data/s/nhnacademy/b/gyeongnam_campus/p/office/d/24e124785c384491/n/배전판 옆/e/humidity'에서 메시지 수신: {"time":1734657445846,"value":24}
2024-12-20 10:17:25 [MQTT Call: dfahjklasdjf] INFO  com.samsa.node.out.MqttInNode - 토픽 'data/s/nhnacademy/b/gyeongnam_campus/p/office/d/24e124785c384491/n/배전판 옆/e/temperature'에서 메시지 수신: {"time":1734657445846,"value":18.6}
2024-12-20 10:17:25 [MQTT Call: dfahjklasdjf] INFO  com.samsa.node.out.MqttInNode - 토픽 'data/s/nhnacademy/b/gyeongnam_campus/p/office/d/24e124785c384491/n/배전판 옆/e/battery'에서 메시지 수신: {"time":1734657445846,"value":1}
2024-12-20 10:17:25 [MQTT Call: dfahjklasdjf] INFO  com.samsa.node.out.MqttInNode - 토픽 'data/s/nhnacademy/b/gyeongnam_campus/p/office/d/24e124785c384491/n/배전판 옆/g/24e124fffef5dccc/e/lora'에서 메시지 수신: {"time":1734657445846,"value":{"dr":0,"rssi":-40,"snr":8.5,"frequency":922100000,"sf":12}}
2024-12-20 10:17:25 [MQTT Call: dfahjklasdjf] INFO  com.samsa.node.out.MqttInNode - 토픽 'data/s/nhnacademy/b/gyeongnam_campus/p/office/d/24e124785c384491/n/배전판 옆/g/24e124fffef79304/e/lora'에서 메시지 수신: {"time":1734657445846,"value":{"dr":0,"rssi":-64,"snr":8.2,"frequency":922100000,"sf":12}}
2024-12-20 10:17:26 [Thread-5] INFO  com.samsa.core.node.InOutNode - 노드 실행 완료. NodeId: 81ab0e38-b352-4e7a-8c22-76b519915dac
2024-12-20 10:17:26 [Thread-6] INFO  com.samsa.node.inout.FunctionNode - 메시지 ID: 4f9b6cb5-86ff-43e8-a13c-d64205bf94c0 - 처리 시작
2024-12-20 10:17:26 [Thread-6] INFO  com.samsa.node.inout.FunctionNode - 기본 메시지 핸들러: {topic: data/s/nhnacademy/b/gyeongnam_campus/p/class_a/d/24e124128c067999/sp/입구/n/입구/e/infrared, {"time":1734657437038,"value":3}}
2024-12-20 10:17:26 [Thread-5] INFO  com.samsa.core.node.InOutNode - 노드 실행 시작. NodeId: 81ab0e38-b352-4e7a-8c22-76b519915dac
2024-12-20 10:17:26 [Thread-6] INFO  com.samsa.node.inout.FunctionNode - 메시지 ID: 4f9b6cb5-86ff-43e8-a13c-d64205bf94c0 - 처리 완료
2024-12-20 10:17:26 [Thread-5] INFO  com.samsa.core.port.InPort - 메세지 생김
2024-12-20 10:17:26 [Thread-6] INFO  com.samsa.core.node.InOutNode - 노드 실행 완료. NodeId: aefa47b7-772d-4be7-b79c-a183d21a53da
2024-12-20 10:17:26 [Thread-6] INFO  com.samsa.core.node.InOutNode - 노드 실행 시작. NodeId: aefa47b7-772d-4be7-b79c-a183d21a53da
2024-12-20 10:17:26 [Thread-6] INFO  com.samsa.core.port.InPort - 메세지 생김
2024-12-20 10:17:26 [Thread-7] INFO  com.samsa.node.in.DebugNode - Node[00abe26c-eae5-49c3-8cc2-82982088e481] - Payload: {topic: data/s/nhnacademy/b/gyeongnam_campus/p/class_a/d/24e124128c067999/sp/입구/n/입구/e/infrared, {"time":1734657437038,"value":3}}
2024-12-20 10:17:26 [Thread-7] INFO  com.samsa.core.port.InPort - 메세지 생김
2024-12-20 10:17:27 [Thread-5] INFO  com.samsa.core.node.InOutNode - 노드 실행 완료. NodeId: 81ab0e38-b352-4e7a-8c22-76b519915dac
2024-12-20 10:17:27 [Thread-6] INFO  com.samsa.node.inout.FunctionNode - 메시지 ID: 66fdec77-176c-4ffa-830e-bbddeb42a9d2 - 처리 시작
2024-12-20 10:17:27 [Thread-5] INFO  com.samsa.core.node.InOutNode - 노드 실행 시작. NodeId: 81ab0e38-b352-4e7a-8c22-76b519915dac
2024-12-20 10:17:27 [Thread-6] INFO  com.samsa.node.inout.FunctionNode - 기본 메시지 핸들러: {topic: data/s/nhnacademy/b/gyeongnam_campus/p/class_a/d/24e124128c067999/sp/입구/n/입구/g/24e124fffef5dccc/e/lora, {"time":1734657437038,"value":{"dr":2,"rssi":-73,"snr":13.2,"channel":4,"frequency":922900000,"sf":10}}}
2024-12-20 10:17:27 [Thread-5] INFO  com.samsa.core.port.InPort - 메세지 생김
2024-12-20 10:17:27 [Thread-6] INFO  com.samsa.node.inout.FunctionNode - 메시지 ID: 66fdec77-176c-4ffa-830e-bbddeb42a9d2 - 처리 완료
2024-12-20 10:17:27 [Thread-6] INFO  com.samsa.core.node.InOutNode - 노드 실행 완료. NodeId: aefa47b7-772d-4be7-b79c-a183d21a53da
2024-12-20 10:17:27 [Thread-6] INFO  com.samsa.core.node.InOutNode - 노드 실행 시작. NodeId: aefa47b7-772d-4be7-b79c-a183d21a53da
2024-12-20 10:17:27 [Thread-6] INFO  com.samsa.core.port.InPort - 메세지 생김
2024-12-20 10:17:27 [Thread-7] INFO  com.samsa.node.in.DebugNode - Node[00abe26c-eae5-49c3-8cc2-82982088e481] - Payload: {topic: data/s/nhnacademy/b/gyeongnam_campus/p/class_a/d/24e124128c067999/sp/입구/n/입구/g/24e124fffef5dccc/e/lora, {"time":1734657437038,"value":{"dr":2,"rssi":-73,"snr":13.2,"channel":4,"frequency":922900000,"sf":10}}}
2024-12-20 10:17:27 [Thread-7] INFO  com.samsa.core.port.InPort - 메세지 생김
2024-12-20 10:17:28 [Thread-5] INFO  com.samsa.core.node.InOutNode - 노드 실행 완료. NodeId: 81ab0e38-b352-4e7a-8c22-76b519915dac
2024-12-20 10:17:28 [Thread-6] INFO  com.samsa.node.inout.FunctionNode - 메시지 ID: dfc9ca95-8ac5-4e37-b5cf-4cc49eddda0e - 처리 시작
2024-12-20 10:17:28 [Thread-5] INFO  com.samsa.core.node.InOutNode - 노드 실행 시작. NodeId: 81ab0e38-b352-4e7a-8c22-76b519915dac
2024-12-20 10:17:28 [Thread-6] INFO  com.samsa.node.inout.FunctionNode - 기본 메시지 핸들러: {topic: data/s/nhnacademy/b/gyeongnam_campus/p/class_a/d/24e124128c067999/sp/입구/n/입구/g/24e124fffef79304/e/lora, {"time":1734657437038,"value":{"dr":2,"rssi":-53,"snr":13.5,"channel":4,"frequency":922900000,"sf":10}}}
2024-12-20 10:17:28 [Thread-5] INFO  com.samsa.core.port.InPort - 메세지 생김
2024-12-20 10:17:28 [Thread-6] INFO  com.samsa.node.inout.FunctionNode - 메시지 ID: dfc9ca95-8ac5-4e37-b5cf-4cc49eddda0e - 처리 완료
2024-12-20 10:17:28 [Thread-6] INFO  com.samsa.core.node.InOutNode - 노드 실행 완료. NodeId: aefa47b7-772d-4be7-b79c-a183d21a53da
2024-12-20 10:17:28 [Thread-6] INFO  com.samsa.core.node.InOutNode - 노드 실행 시작. NodeId: aefa47b7-772d-4be7-b79c-a183d21a53da
2024-12-20 10:17:28 [Thread-6] INFO  com.samsa.core.port.InPort - 메세지 생김
2024-12-20 10:17:28 [Thread-7] INFO  com.samsa.node.in.DebugNode - Node[00abe26c-eae5-49c3-8cc2-82982088e481] - Payload: {topic: data/s/nhnacademy/b/gyeongnam_campus/p/class_a/d/24e124128c067999/sp/입구/n/입구/g/24e124fffef79304/e/lora, {"time":1734657437038,"value":{"dr":2,"rssi":-53,"snr":13.5,"channel":4,"frequency":922900000,"sf":10}}}
2024-12-20 10:17:28 [Thread-7] INFO  com.samsa.core.port.InPort - 메세지 생김
2024-12-20 10:17:28 [MQTT Call: dfahjklasdjf] INFO  com.samsa.node.out.MqttInNode - 토픽 'data/s/nhnacademy/b/gyeongnam_campus/p/hive/d/24e124126d111937/sp/farm/n/스마트팜/e/illumination'에서 메시지 수신: {"time":1734657448096,"value":510}
2024-12-20 10:17:28 [MQTT Call: dfahjklasdjf] INFO  com.samsa.node.out.MqttInNode - 토픽 'data/s/nhnacademy/b/gyeongnam_campus/p/hive/d/24e124126d111937/sp/farm/n/스마트팜/g/24e124fffef5dccc/e/lora'에서 메시지 수신: {"time":1734657448096,"value":{"dr":2,"rssi":-50,"snr":11.5,"channel":6,"frequency":923300000,"sf":10}}
2024-12-20 10:17:28 [MQTT Call: dfahjklasdjf] INFO  com.samsa.node.out.MqttInNode - 토픽 'data/s/nhnacademy/b/gyeongnam_campus/p/hive/d/24e124126d111937/sp/farm/n/스마트팜/g/24e124fffef79304/e/lora'에서 메시지 수신: {"time":1734657448096,"value":{"dr":2,"rssi":-56,"snr":13.8,"channel":6,"frequency":923300000,"sf":10}}
2024-12-20 10:17:29 [Thread-5] INFO  com.samsa.core.node.InOutNode - 노드 실행 완료. NodeId: 81ab0e38-b352-4e7a-8c22-76b519915dac
2024-12-20 10:17:29 [Thread-6] INFO  com.samsa.node.inout.FunctionNode - 메시지 ID: 73044045-46c4-4a8a-a696-d6db3b773a14 - 처리 시작
2024-12-20 10:17:29 [Thread-5] INFO  com.samsa.core.node.InOutNode - 노드 실행 시작. NodeId: 81ab0e38-b352-4e7a-8c22-76b519915dac
2024-12-20 10:17:29 [Thread-5] INFO  com.samsa.core.port.InPort - 메세지 생김
2024-12-20 10:17:29 [Thread-6] INFO  com.samsa.node.inout.FunctionNode - 기본 메시지 핸들러: {topic: data/s/nhnacademy/b/gyeongnam_campus/p/server_room/d/24e124136d151368/n/입구/e/temperature, {"time":1734657443232,"value":24.2}}
2024-12-20 10:17:29 [Thread-6] INFO  com.samsa.node.inout.FunctionNode - 메시지 ID: 73044045-46c4-4a8a-a696-d6db3b773a14 - 처리 완료
2024-12-20 10:17:29 [Thread-6] INFO  com.samsa.core.node.InOutNode - 노드 실행 완료. NodeId: aefa47b7-772d-4be7-b79c-a183d21a53da
2024-12-20 10:17:29 [Thread-6] INFO  com.samsa.core.node.InOutNode - 노드 실행 시작. NodeId: aefa47b7-772d-4be7-b79c-a183d21a53da
2024-12-20 10:17:29 [Thread-6] INFO  com.samsa.core.port.InPort - 메세지 생김
2024-12-20 10:17:29 [Thread-7] INFO  com.samsa.node.in.DebugNode - Node[00abe26c-eae5-49c3-8cc2-82982088e481] - Payload: {topic: data/s/nhnacademy/b/gyeongnam_campus/p/server_room/d/24e124136d151368/n/입구/e/temperature, {"time":1734657443232,"value":24.2}}
2024-12-20 10:17:29 [Thread-7] INFO  com.samsa.core.port.InPort - 메세지 생김
2024-12-20 10:17:30 [Thread-6] INFO  com.samsa.node.inout.FunctionNode - 메시지 ID: 91ca5857-5284-49da-b7c3-3d2626358dd7 - 처리 시작
2024-12-20 10:17:30 [Thread-5] INFO  com.samsa.core.node.InOutNode - 노드 실행 완료. NodeId: 81ab0e38-b352-4e7a-8c22-76b519915dac
2024-12-20 10:17:30 [Thread-6] INFO  com.samsa.node.inout.FunctionNode - 기본 메시지 핸들러: {topic: data/s/nhnacademy/b/gyeongnam_campus/p/server_room/d/24e124136d151368/n/입구/e/humidity, {"time":1734657443232,"value":15}}
2024-12-20 10:17:30 [Thread-6] INFO  com.samsa.node.inout.FunctionNode - 메시지 ID: 91ca5857-5284-49da-b7c3-3d2626358dd7 - 처리 완료
2024-12-20 10:17:30 [Thread-5] INFO  com.samsa.core.node.InOutNode - 노드 실행 시작. NodeId: 81ab0e38-b352-4e7a-8c22-76b519915dac
2024-12-20 10:17:30 [Thread-6] INFO  com.samsa.core.node.InOutNode - 노드 실행 완료. NodeId: aefa47b7-772d-4be7-b79c-a183d21a53da
2024-12-20 10:17:30 [Thread-5] INFO  com.samsa.core.port.InPort - 메세지 생김
2024-12-20 10:17:30 [Thread-6] INFO  com.samsa.core.node.InOutNode - 노드 실행 시작. NodeId: aefa47b7-772d-4be7-b79c-a183d21a53da
2024-12-20 10:17:30 [Thread-7] INFO  com.samsa.node.in.DebugNode - Node[00abe26c-eae5-49c3-8cc2-82982088e481] - Payload: {topic: data/s/nhnacademy/b/gyeongnam_campus/p/server_room/d/24e124136d151368/n/입구/e/humidity, {"time":1734657443232,"value":15}}
2024-12-20 10:17:30 [Thread-6] INFO  com.samsa.core.port.InPort - 메세지 생김
2024-12-20 10:17:30 [Thread-7] INFO  com.samsa.core.port.InPort - 메세지 생김
2024-12-20 10:17:31 [Thread-6] INFO  com.samsa.node.inout.FunctionNode - 메시지 ID: 65345eb5-7ece-4cc6-8252-024f07bdf9f2 - 처리 시작
2024-12-20 10:17:31 [Thread-5] INFO  com.samsa.core.node.InOutNode - 노드 실행 완료. NodeId: 81ab0e38-b352-4e7a-8c22-76b519915dac
2024-12-20 10:17:31 [Thread-6] INFO  com.samsa.node.inout.FunctionNode - 기본 메시지 핸들러: {topic: data/s/nhnacademy/b/gyeongnam_campus/p/server_room/d/24e124136d151368/n/입구/g/24e124fffef79304/e/lora, {"time":1734657443232,"value":{"dr":0,"rssi":-60,"snr":9.2,"channel":6,"frequency":923300000,"sf":12}}}
2024-12-20 10:17:31 [Thread-6] INFO  com.samsa.node.inout.FunctionNode - 메시지 ID: 65345eb5-7ece-4cc6-8252-024f07bdf9f2 - 처리 완료
2024-12-20 10:17:31 [Thread-5] INFO  com.samsa.core.node.InOutNode - 노드 실행 시작. NodeId: 81ab0e38-b352-4e7a-8c22-76b519915dac
2024-12-20 10:17:31 [Thread-6] INFO  com.samsa.core.node.InOutNode - 노드 실행 완료. NodeId: aefa47b7-772d-4be7-b79c-a183d21a53da
2024-12-20 10:17:31 [Thread-5] INFO  com.samsa.core.port.InPort - 메세지 생김
2024-12-20 10:17:31 [Thread-6] INFO  com.samsa.core.node.InOutNode - 노드 실행 시작. NodeId: aefa47b7-772d-4be7-b79c-a183d21a53da
2024-12-20 10:17:31 [Thread-6] INFO  com.samsa.core.port.InPort - 메세지 생김
2024-12-20 10:17:31 [Thread-7] INFO  com.samsa.node.in.DebugNode - Node[00abe26c-eae5-49c3-8cc2-82982088e481] - Payload: {topic: data/s/nhnacademy/b/gyeongnam_campus/p/server_room/d/24e124136d151368/n/입구/g/24e124fffef79304/e/lora, {"time":1734657443232,"value":{"dr":0,"rssi":-60,"snr":9.2,"channel":6,"frequency":923300000,"sf":12}}}
2024-12-20 10:17:31 [Thread-7] INFO  com.samsa.core.port.InPort - 메세지 생김
2024-12-20 10:17:32 [Thread-5] INFO  com.samsa.core.node.InOutNode - 노드 실행 완료. NodeId: 81ab0e38-b352-4e7a-8c22-76b519915dac
2024-12-20 10:17:32 [Thread-6] INFO  com.samsa.node.inout.FunctionNode - 메시지 ID: ac8f6baa-6a0f-4847-ab9f-bba36f482896 - 처리 시작
2024-12-20 10:17:32 [Thread-5] INFO  com.samsa.core.node.InOutNode - 노드 실행 시작. NodeId: 81ab0e38-b352-4e7a-8c22-76b519915dac
2024-12-20 10:17:32 [Thread-6] INFO  com.samsa.node.inout.FunctionNode - 기본 메시지 핸들러: {topic: data/s/nhnacademy/b/gyeongnam_campus/p/server_room/d/24e124136d151368/n/입구/g/24e124fffef5dccc/e/lora, {"time":1734657443232,"value":{"dr":0,"rssi":-46,"snr":10.5,"channel":6,"frequency":923300000,"sf":12}}}
2024-12-20 10:17:32 [Thread-5] INFO  com.samsa.core.port.InPort - 메세지 생김
2024-12-20 10:17:32 [Thread-6] INFO  com.samsa.node.inout.FunctionNode - 메시지 ID: ac8f6baa-6a0f-4847-ab9f-bba36f482896 - 처리 완료
2024-12-20 10:17:32 [Thread-6] INFO  com.samsa.core.node.InOutNode - 노드 실행 완료. NodeId: aefa47b7-772d-4be7-b79c-a183d21a53da
2024-12-20 10:17:32 [Thread-7] INFO  com.samsa.node.in.DebugNode - Node[00abe26c-eae5-49c3-8cc2-82982088e481] - Payload: {topic: data/s/nhnacademy/b/gyeongnam_campus/p/server_room/d/24e124136d151368/n/입구/g/24e124fffef5dccc/e/lora, {"time":1734657443232,"value":{"dr":0,"rssi":-46,"snr":10.5,"channel":6,"frequency":923300000,"sf":12}}}
2024-12-20 10:17:32 [Thread-6] INFO  com.samsa.core.node.InOutNode - 노드 실행 시작. NodeId: aefa47b7-772d-4be7-b79c-a183d21a53da
2024-12-20 10:17:32 [Thread-7] INFO  com.samsa.core.port.InPort - 메세지 생김
2024-12-20 10:17:32 [Thread-6] INFO  com.samsa.core.port.InPort - 메세지 생김
